<?xml version="1.0" encoding="UTF-8"?>
<!-- Generated by org.testng.reporters.JUnitXMLReporter -->
<testsuite ignored="0" hostname="0966-2045" failures="0" tests="4" name="Surefire test" time="0.049" errors="0" timestamp="2021-11-12T12:24:54 IST">
  <testcase classname="Golden.MobileTest" name="Android" time="0.006"/>
  <testcase classname="Golden.MobileTest" name="iOS" time="0.0"/>
  <testcase classname="Golden.WebTest" name="Chrome" time="0.001"/>
  <testcase classname="Golden.WebTest" name="Mozila" time="0.0"/>
</testsuite> <!-- Surefire test -->
