<?xml version="1.0" encoding="UTF-8"?>
<testng-results ignored="0" total="2" passed="2" failed="0" skipped="0">
  <reporter-output>
  </reporter-output>
  <suite started-at="2021-11-12T22:04:40 IST" name="Suite" finished-at="2021-11-12T22:04:40 IST" duration-ms="74">
    <groups>
    </groups>
    <test started-at="2021-11-12T22:04:40 IST" name="Test" finished-at="2021-11-12T22:04:40 IST" duration-ms="74">
      <class name="Golden.MobileTest">
        <test-method signature="Android()[pri:0, instance:Golden.MobileTest@5db250b4]" started-at="2021-11-12T22:04:40 IST" name="Android" finished-at="2021-11-12T22:04:40 IST" duration-ms="7" status="PASS">
          <reporter-output>
          </reporter-output>
        </test-method> <!-- Android -->
        <test-method signature="iOS()[pri:0, instance:Golden.MobileTest@5db250b4]" started-at="2021-11-12T22:04:40 IST" name="iOS" finished-at="2021-11-12T22:04:40 IST" duration-ms="1" status="PASS">
          <reporter-output>
          </reporter-output>
        </test-method> <!-- iOS -->
      </class> <!-- Golden.MobileTest -->
    </test> <!-- Test -->
  </suite> <!-- Suite -->
</testng-results>
